============================= test session starts ==============================
platform linux -- Python 3.13.3, pytest-8.4.1, pluggy-1.6.0
rootdir: /workspace
plugins: anyio-4.9.0, langsmith-0.4.4
collected 1 item

tests/test_preprocess.py .                                               [100%]

=============================== warnings summary ===============================
venv/lib/python3.13/site-packages/pydantic/_internal/_config.py:323
venv/lib/python3.13/site-packages/pydantic/_internal/_config.py:323
  /workspace/venv/lib/python3.13/site-packages/pydantic/_internal/_config.py:323: PydanticDeprecatedSince20: Support for class-based `config` is deprecated, use ConfigDict instead. Deprecated in Pydantic V2.0 to be removed in V3.0. See Pydantic V2 Migration Guide at https://errors.pydantic.dev/2.11/migration/
    warnings.warn(DEPRECATION_MESSAGE, DeprecationWarning)

tests/test_preprocess.py: 7577 warnings
  /workspace/venv/lib/python3.13/site-packages/fitparse/processors.py:73: DeprecationWarning: datetime.datetime.utcfromtimestamp() is deprecated and scheduled for removal in a future version. Use timezone-aware objects to represent datetimes in UTC: datetime.datetime.fromtimestamp(timestamp, datetime.UTC).
    field_data.value = datetime.datetime.utcfromtimestamp(UTC_REFERENCE + value)

tests/test_preprocess.py::test_extract_workout_targets_from_fit_bike
  /workspace/venv/lib/python3.13/site-packages/fitparse/processors.py:81: DeprecationWarning: datetime.datetime.utcfromtimestamp() is deprecated and scheduled for removal in a future version. Use timezone-aware objects to represent datetimes in UTC: datetime.datetime.fromtimestamp(timestamp, datetime.UTC).
    field_data.value = datetime.datetime.utcfromtimestamp(UTC_REFERENCE + field_data.value)

-- Docs: https://docs.pytest.org/en/stable/how-to/capture-warnings.html
======================= 1 passed, 7580 warnings in 3.86s =======================
